  Tester.cpp
     Creating library D:\GitHub\cs3505-final-project\Server\x64\Debug\Tester.lib and object D:\GitHub\cs3505-final-project\Server\x64\Debug\Tester.exp
Tester.obj : error LNK2019: unresolved external symbol "public: __cdecl Cell::Cell(void)" (??0Cell@@QEAA@XZ) referenced in function "public: void __cdecl Tester::Tester::TestCellValueConstruct1(void)" (?TestCellValueConstruct1@Tester@1@QEAAXXZ)
D:\GitHub\cs3505-final-project\Server\x64\Debug\Tester.dll : fatal error LNK1120: 1 unresolved externals
